<?xml version="1.0" encoding="UTF-8"?>
<testsuite name="EncryptDecryptTest" tests="1" skipped="0" failures="0" errors="0" timestamp="2020-04-23T22:49:59" hostname="LAPTOP-016GJG3B" time="0.222">
  <properties/>
  <testcase name="start" classname="EncryptDecryptTest" time="0.222"/>
  <system-out><![CDATA[?[1;31m
Start test 1?[0m
Encrypted Data: Welcome to hyperskill! \jqhtrj%yt%m~ujwxpnqq&
?[1;31m
Start test 2?[0m
Encrypted Data: Hello Hello
?[1;31m
Start test 3?[0m
Encrypted Data: 012345678 123456789
?[1;31m
Start test 4?[0m
Encrypted Data: \jqhtrj%yt%m~ujwxpnqq& Welcome to hyperskill!
?[1;31m
Start test 5?[0m
Encrypted Data: Hi Hi
?[1;31m
Start test 6?[0m
Encrypted Data: 222233334444 111122223333
?[1;31m
Start test 7?[0m
Encrypted Data: welcome to hyperskill bjqhtrj yt mdujwxpnqq
?[1;31m
Start test 8?[0m
Encrypted Data: dbokcebo treasure
?[1;31m
Start test 9?[0m
Encrypted Data: qdvdqvrxqwxrxwpvrxspvxiqgdiqarairpbiqqid cphpchdjcijdjibhdjebhjucspucmdmudbnuccup
?[1;31m
Start test 10?[0m
Encrypted Data: i y
?[1;31m
Start test 11?[0m
Encrypted Data: y i
]]></system-out>
  <system-err><![CDATA[]]></system-err>
</testsuite>
